<?xml version="1.0" encoding="UTF-8"?>
<robot generator="Robot 3.0.4 (Python 3.7.3 on darwin)" generated="20190629 00:27:51.867">
<suite id="s1" name="FrontOffice" source="/Users/berr/development/robot-scripts/robot_tutorial/Tests/FrontOffice.robot">
<test id="s1-t1" name="Should be able to load Team Page">
<kw name="Begin Web Test" library="CommonWeb" type="setup">
<kw name="Open Browser" library="SeleniumLibrary">
<doc>Opens a new browser instance to the given ``url``.</doc>
<arguments>
<arg>about:blank</arg>
<arg>${BROWSER}</arg>
</arguments>
<msg timestamp="20190629 00:27:51.972" level="INFO">Opening browser 'chrome' to base url 'about:blank'.</msg>
<status status="PASS" starttime="20190629 00:27:51.971" endtime="20190629 00:27:53.961"></status>
</kw>
<kw name="Maximize Browser Window" library="SeleniumLibrary">
<doc>Maximizes current browser window.</doc>
<status status="PASS" starttime="20190629 00:27:53.961" endtime="20190629 00:27:54.112"></status>
</kw>
<status status="PASS" starttime="20190629 00:27:51.971" endtime="20190629 00:27:54.112"></status>
</kw>
<kw name="Go To Langind Page" library="FrontOfficeApp">
<kw name="Navigate To" library="Landing">
<kw name="Go To" library="SeleniumLibrary">
<doc>Navigates the active browser instance to the provided ``url``.</doc>
<arguments>
<arg>${START_URL}</arg>
</arguments>
<msg timestamp="20190629 00:27:54.113" level="INFO">Opening url 'http://www.robotframeworktutorial.com/front-office/'</msg>
<status status="PASS" starttime="20190629 00:27:54.113" endtime="20190629 00:27:55.620"></status>
</kw>
<status status="PASS" starttime="20190629 00:27:54.113" endtime="20190629 00:27:55.620"></status>
</kw>
<kw name="Verify Page Loaded" library="Landing">
<kw name="Wait Until Page Contains Element" library="SeleniumLibrary">
<doc>Waits until element ``locator`` appears on current page.</doc>
<arguments>
<arg>${LANDING}</arg>
</arguments>
<status status="PASS" starttime="20190629 00:27:55.620" endtime="20190629 00:27:55.634"></status>
</kw>
<status status="PASS" starttime="20190629 00:27:55.620" endtime="20190629 00:27:55.634"></status>
</kw>
<status status="PASS" starttime="20190629 00:27:54.112" endtime="20190629 00:27:55.635"></status>
</kw>
<kw name="Go To &quot;Team&quot; Page" library="FrontOfficeApp">
<kw name="Select &quot;Team&quot; Page" library="Nav">
<kw name="Click Element" library="SeleniumLibrary">
<doc>Click element identified by ``locator``.</doc>
<arguments>
<arg>${NAV_TEAM_URL}</arg>
</arguments>
<msg timestamp="20190629 00:27:55.636" level="INFO">Clicking element 'css=#bs-example-navbar-collapse-1 &gt; ul &gt; li:nth-child(5) &gt; a'.</msg>
<status status="PASS" starttime="20190629 00:27:55.636" endtime="20190629 00:27:55.691"></status>
</kw>
<status status="PASS" starttime="20190629 00:27:55.635" endtime="20190629 00:27:55.692"></status>
</kw>
<kw name="Verify Page Loaded" library="TeamPage">
<kw name="Wait Until Page Contains Element" library="SeleniumLibrary">
<doc>Waits until element ``locator`` appears on current page.</doc>
<arguments>
<arg>${AMAZING_TEAM}</arg>
</arguments>
<status status="PASS" starttime="20190629 00:27:55.692" endtime="20190629 00:27:55.703"></status>
</kw>
<status status="PASS" starttime="20190629 00:27:55.692" endtime="20190629 00:27:55.703"></status>
</kw>
<status status="PASS" starttime="20190629 00:27:55.635" endtime="20190629 00:27:55.703"></status>
</kw>
<kw name="End Web Test" library="CommonWeb" type="teardown">
<kw name="Close Browser" library="SeleniumLibrary">
<doc>Closes the current browser.</doc>
<status status="PASS" starttime="20190629 00:27:55.704" endtime="20190629 00:27:55.781"></status>
</kw>
<status status="PASS" starttime="20190629 00:27:55.703" endtime="20190629 00:27:55.781"></status>
</kw>
<doc>test</doc>
<status status="PASS" starttime="20190629 00:27:51.970" endtime="20190629 00:27:55.781" critical="yes"></status>
</test>
<test id="s1-t2" name="Team Page should match requirements">
<kw name="Begin Web Test" library="CommonWeb" type="setup">
<kw name="Open Browser" library="SeleniumLibrary">
<doc>Opens a new browser instance to the given ``url``.</doc>
<arguments>
<arg>about:blank</arg>
<arg>${BROWSER}</arg>
</arguments>
<msg timestamp="20190629 00:27:55.783" level="INFO">Opening browser 'chrome' to base url 'about:blank'.</msg>
<status status="PASS" starttime="20190629 00:27:55.783" endtime="20190629 00:27:57.829"></status>
</kw>
<kw name="Maximize Browser Window" library="SeleniumLibrary">
<doc>Maximizes current browser window.</doc>
<status status="PASS" starttime="20190629 00:27:57.830" endtime="20190629 00:27:57.977"></status>
</kw>
<status status="PASS" starttime="20190629 00:27:55.782" endtime="20190629 00:27:57.977"></status>
</kw>
<kw name="Go To Langind Page" library="FrontOfficeApp">
<kw name="Navigate To" library="Landing">
<kw name="Go To" library="SeleniumLibrary">
<doc>Navigates the active browser instance to the provided ``url``.</doc>
<arguments>
<arg>${START_URL}</arg>
</arguments>
<msg timestamp="20190629 00:27:57.979" level="INFO">Opening url 'http://www.robotframeworktutorial.com/front-office/'</msg>
<status status="PASS" starttime="20190629 00:27:57.979" endtime="20190629 00:27:59.463"></status>
</kw>
<status status="PASS" starttime="20190629 00:27:57.978" endtime="20190629 00:27:59.463"></status>
</kw>
<kw name="Verify Page Loaded" library="Landing">
<kw name="Wait Until Page Contains Element" library="SeleniumLibrary">
<doc>Waits until element ``locator`` appears on current page.</doc>
<arguments>
<arg>${LANDING}</arg>
</arguments>
<status status="PASS" starttime="20190629 00:27:59.464" endtime="20190629 00:27:59.477"></status>
</kw>
<status status="PASS" starttime="20190629 00:27:59.464" endtime="20190629 00:27:59.477"></status>
</kw>
<status status="PASS" starttime="20190629 00:27:57.978" endtime="20190629 00:27:59.477"></status>
</kw>
<kw name="Go To &quot;Team&quot; Page" library="FrontOfficeApp">
<kw name="Select &quot;Team&quot; Page" library="Nav">
<kw name="Click Element" library="SeleniumLibrary">
<doc>Click element identified by ``locator``.</doc>
<arguments>
<arg>${NAV_TEAM_URL}</arg>
</arguments>
<msg timestamp="20190629 00:27:59.479" level="INFO">Clicking element 'css=#bs-example-navbar-collapse-1 &gt; ul &gt; li:nth-child(5) &gt; a'.</msg>
<status status="PASS" starttime="20190629 00:27:59.478" endtime="20190629 00:27:59.529"></status>
</kw>
<status status="PASS" starttime="20190629 00:27:59.478" endtime="20190629 00:27:59.529"></status>
</kw>
<kw name="Verify Page Loaded" library="TeamPage">
<kw name="Wait Until Page Contains Element" library="SeleniumLibrary">
<doc>Waits until element ``locator`` appears on current page.</doc>
<arguments>
<arg>${AMAZING_TEAM}</arg>
</arguments>
<status status="PASS" starttime="20190629 00:27:59.530" endtime="20190629 00:27:59.543"></status>
</kw>
<status status="PASS" starttime="20190629 00:27:59.529" endtime="20190629 00:27:59.544"></status>
</kw>
<status status="PASS" starttime="20190629 00:27:59.478" endtime="20190629 00:27:59.544"></status>
</kw>
<kw name="Validate &quot;Team&quot; Page" library="FrontOfficeApp">
<kw name="Validate Page Content" library="TeamPage">
<kw name="Element Text Should Be" library="SeleniumLibrary">
<doc>Verifies that element ``locator`` contains exact text ``expected``.</doc>
<arguments>
<arg>${AMAZING_TEAM}</arg>
<arg>OUR AMAZING TEAM</arg>
</arguments>
<msg timestamp="20190629 00:27:59.545" level="INFO">Verifying element 'css=#team &gt; div &gt; div:nth-child(1) &gt; div &gt; h2' contains exact text 'OUR AMAZING TEAM'.</msg>
<status status="PASS" starttime="20190629 00:27:59.544" endtime="20190629 00:27:59.565"></status>
</kw>
<status status="PASS" starttime="20190629 00:27:59.544" endtime="20190629 00:27:59.565"></status>
</kw>
<status status="PASS" starttime="20190629 00:27:59.544" endtime="20190629 00:27:59.565"></status>
</kw>
<kw name="End Web Test" library="CommonWeb" type="teardown">
<kw name="Close Browser" library="SeleniumLibrary">
<doc>Closes the current browser.</doc>
<status status="PASS" starttime="20190629 00:27:59.566" endtime="20190629 00:27:59.641"></status>
</kw>
<status status="PASS" starttime="20190629 00:27:59.566" endtime="20190629 00:27:59.641"></status>
</kw>
<doc>test2</doc>
<status status="PASS" starttime="20190629 00:27:55.782" endtime="20190629 00:27:59.642" critical="yes"></status>
</test>
<status status="PASS" starttime="20190629 00:27:51.874" endtime="20190629 00:27:59.643"></status>
</suite>
<statistics>
<total>
<stat pass="2" fail="0">Critical Tests</stat>
<stat pass="2" fail="0">All Tests</stat>
</total>
<tag>
</tag>
<suite>
<stat pass="2" fail="0" id="s1" name="FrontOffice">FrontOffice</stat>
</suite>
</statistics>
<errors>
</errors>
</robot>
